TN:
SF:src\utils\financial.ts
FN:61,arrondiHalfUp
FN:69,validerMontantCentimes
FN:128,calculerRepartitionFinanciere
FN:205,verifierCohérenceRepartition
FN:243,xofToCentimes
FN:251,centimesToXOF
FN:259,eurToCentimes
FN:267,centimesToEUR
FN:295,formatMontant
FN:322,formatCurrency
FN:333,bpToPourcent
FN:338,pourcentToBP
FN:349,genererChecksumRepartition
FN:368,genererChecksum
FN:381,agregerRepartitions
FN:390,repartitions.reduce.totalTTC
FN:410,extractTVA
FNF:17
FNH:16
FNDA:2319,arrondiHalfUp
FNDA:1162,validerMontantCentimes
FNDA:1149,calculerRepartitionFinanciere
FNDA:6,verifierCohérenceRepartition
FNDA:7,xofToCentimes
FNDA:5,centimesToXOF
FNDA:1,eurToCentimes
FNDA:1,centimesToEUR
FNDA:4,formatMontant
FNDA:0,formatCurrency
FNDA:4,bpToPourcent
FNDA:3,pourcentToBP
FNDA:5,genererChecksumRepartition
FNDA:4,genererChecksum
FNDA:4,agregerRepartitions
FNDA:106,repartitions.reduce.totalTTC
FNDA:3,extractTVA
DA:1,1
DA:23,1
DA:24,1
DA:25,1
DA:28,1
DA:31,1
DA:32,1
DA:61,1
DA:62,2319
DA:63,2
DA:64,2
DA:65,2317
DA:66,2317
DA:69,1
DA:70,1162
DA:72,1162
DA:73,2
DA:74,2
DA:75,2
DA:77,1162
DA:78,1
DA:79,1
DA:80,1
DA:82,1162
DA:83,2
DA:84,2
DA:86,1162
DA:87,4
DA:88,4
DA:90,1162
DA:91,6
DA:92,6
DA:94,6
DA:95,6
DA:97,1162
DA:98,5
DA:99,5
DA:101,1162
DA:102,2
DA:103,2
DA:104,2
DA:105,2
DA:106,2
DA:108,1159
DA:109,1159
DA:128,1
DA:129,1149
DA:130,1149
DA:131,1149
DA:132,1149
DA:134,1149
DA:135,1149
DA:136,4
DA:137,4
DA:138,4
DA:139,4
DA:141,1149
DA:142,1
DA:143,1
DA:145,1149
DA:146,1
DA:147,1
DA:149,1143
DA:153,1143
DA:154,1143
DA:157,1143
DA:160,1143
DA:163,1143
DA:167,1149
DA:168,0
DA:169,0
DA:170,0
DA:171,0
DA:172,0
DA:174,1143
DA:175,1149
DA:176,0
DA:177,0
DA:178,0
DA:179,0
DA:180,0
DA:182,1149
DA:183,0
DA:184,0
DA:185,0
DA:186,0
DA:188,1143
DA:189,1143
DA:190,1143
DA:191,1143
DA:192,1143
DA:193,1143
DA:194,1143
DA:195,1143
DA:196,1143
DA:197,1143
DA:198,1143
DA:205,1
DA:206,6
DA:207,6
DA:208,6
DA:211,6
DA:212,6
DA:213,6
DA:214,6
DA:215,6
DA:219,6
DA:220,6
DA:221,6
DA:223,6
DA:224,6
DA:225,4
DA:226,2
DA:227,2
DA:228,2
DA:229,2
DA:231,6
DA:232,2
DA:233,4
DA:234,4
DA:235,4
DA:237,6
DA:238,6
DA:243,1
DA:244,7
DA:245,2
DA:246,2
DA:247,5
DA:248,5
DA:251,1
DA:252,5
DA:253,1
DA:254,1
DA:255,4
DA:256,4
DA:259,1
DA:260,1
DA:261,0
DA:262,0
DA:263,1
DA:264,1
DA:267,1
DA:268,1
DA:269,0
DA:270,0
DA:271,1
DA:272,1
DA:276,1
DA:277,1
DA:278,1
DA:279,1
DA:280,1
DA:281,1
DA:283,1
DA:284,1
DA:285,1
DA:286,1
DA:287,1
DA:288,1
DA:295,1
DA:296,4
DA:297,1
DA:298,1
DA:300,3
DA:301,4
DA:302,4
DA:304,4
DA:305,4
DA:306,4
DA:307,4
DA:308,4
DA:309,4
DA:310,4
DA:311,4
DA:313,1
DA:314,1
DA:315,1
DA:316,1
DA:317,1
DA:318,1
DA:319,4
DA:322,1
DA:323,0
DA:324,0
DA:325,0
DA:326,0
DA:327,0
DA:328,0
DA:333,1
DA:334,4
DA:335,4
DA:338,1
DA:339,3
DA:340,3
DA:349,1
DA:350,5
DA:351,5
DA:352,5
DA:353,5
DA:354,5
DA:355,5
DA:356,5
DA:357,5
DA:358,5
DA:359,5
DA:360,5
DA:361,5
DA:362,5
DA:368,1
DA:369,4
DA:370,4
DA:371,4
DA:372,6
DA:373,6
DA:374,4
DA:375,4
DA:376,4
DA:381,1
DA:388,4
DA:389,4
DA:390,4
DA:391,106
DA:392,106
DA:393,106
DA:394,106
DA:395,106
DA:396,106
DA:397,106
DA:398,4
DA:399,4
DA:400,4
DA:401,4
DA:402,4
DA:403,4
DA:404,4
DA:405,4
DA:406,4
DA:407,4
DA:410,1
DA:411,3
DA:412,3
DA:413,3
DA:414,3
LF:243
LH:219
BRDA:61,0,0,2319
BRDA:62,1,0,2
BRDA:64,2,0,2317
BRDA:69,3,0,1162
BRDA:72,4,0,1161
BRDA:72,5,0,2
BRDA:75,6,0,1160
BRDA:77,7,0,1
BRDA:80,8,0,1159
BRDA:82,9,0,2
BRDA:84,10,0,1159
BRDA:86,11,0,4
BRDA:88,12,0,1159
BRDA:90,13,0,6
BRDA:95,14,0,1159
BRDA:97,15,0,5
BRDA:99,16,0,1159
BRDA:101,17,0,2
BRDA:106,18,0,1159
BRDA:128,19,0,1149
BRDA:135,20,0,4
BRDA:139,21,0,1145
BRDA:141,22,0,1145
BRDA:141,23,0,1
BRDA:143,24,0,1144
BRDA:145,25,0,1143
BRDA:145,26,0,1
BRDA:147,27,0,1143
BRDA:167,28,0,0
BRDA:172,29,0,1143
BRDA:175,30,0,0
BRDA:180,31,0,1143
BRDA:182,32,0,0
BRDA:186,33,0,1143
BRDA:205,34,0,6
BRDA:221,35,0,2
BRDA:221,36,0,4
BRDA:224,37,0,4
BRDA:225,38,0,2
BRDA:226,39,0,2
BRDA:227,40,0,2
BRDA:228,41,0,2
BRDA:231,42,0,2
BRDA:232,43,0,4
BRDA:243,44,0,7
BRDA:244,45,0,5
BRDA:244,46,0,2
BRDA:246,47,0,5
BRDA:251,48,0,5
BRDA:252,49,0,1
BRDA:254,50,0,4
BRDA:259,51,0,1
BRDA:260,52,0,0
BRDA:267,53,0,1
BRDA:268,54,0,0
BRDA:295,55,0,4
BRDA:296,56,0,1
BRDA:298,57,0,3
BRDA:301,58,0,1
BRDA:302,59,0,1
BRDA:311,60,0,1
BRDA:333,61,0,4
BRDA:338,62,0,3
BRDA:349,63,0,5
BRDA:368,64,0,4
BRDA:371,65,0,6
BRDA:381,66,0,4
BRDA:390,67,0,106
BRDA:410,68,0,3
BRF:69
BRH:64
end_of_record
